{"C:\\Users\\bruno\\Documents\\frontend-engineer-challange\\src\\main.ts": {"path":"C:\\Users\\bruno\\Documents\\frontend-engineer-challange\\src\\main.ts","all":false,"statementMap":{"0":{"start":{"line":1,"column":0},"end":{"line":1,"column":21}},"2":{"start":{"line":3,"column":0},"end":{"line":3,"column":62}},"3":{"start":{"line":4,"column":0},"end":{"line":4,"column":70}},"5":{"start":{"line":6,"column":0},"end":{"line":6,"column":22}},"6":{"start":{"line":7,"column":0},"end":{"line":7,"column":26}}},"s":{"0":1,"2":1,"3":1,"5":1,"6":1},"branchMap":{},"b":{},"fnMap":{},"f":{}}
,"C:\\Users\\bruno\\Documents\\frontend-engineer-challange\\src\\modules\\documents\\app.ts": {"path":"C:\\Users\\bruno\\Documents\\frontend-engineer-challange\\src\\modules\\documents\\app.ts","all":false,"statementMap":{"0":{"start":{"line":1,"column":0},"end":{"line":1,"column":73}},"1":{"start":{"line":2,"column":0},"end":{"line":2,"column":64}},"2":{"start":{"line":3,"column":0},"end":{"line":3,"column":45}},"4":{"start":{"line":5,"column":0},"end":{"line":5,"column":39}},"5":{"start":{"line":6,"column":0},"end":{"line":6,"column":54}},"6":{"start":{"line":7,"column":0},"end":{"line":7,"column":66}},"7":{"start":{"line":8,"column":0},"end":{"line":8,"column":53}},"8":{"start":{"line":9,"column":0},"end":{"line":9,"column":31}},"9":{"start":{"line":10,"column":0},"end":{"line":10,"column":1}}},"s":{"0":1,"1":1,"2":1,"4":1,"5":2,"6":2,"7":2,"8":2,"9":2},"branchMap":{"0":{"type":"branch","line":5,"loc":{"start":{"line":5,"column":7},"end":{"line":10,"column":1}},"locations":[{"start":{"line":5,"column":7},"end":{"line":10,"column":1}}]}},"b":{"0":[2]},"fnMap":{"0":{"name":"initDocumentsModule","decl":{"start":{"line":5,"column":7},"end":{"line":10,"column":1}},"loc":{"start":{"line":5,"column":7},"end":{"line":10,"column":1}},"line":5}},"f":{"0":2}}
,"C:\\Users\\bruno\\Documents\\frontend-engineer-challange\\src\\modules\\documents\\application\\DocumentService.ts": {"path":"C:\\Users\\bruno\\Documents\\frontend-engineer-challange\\src\\modules\\documents\\application\\DocumentService.ts","all":false,"statementMap":{"0":{"start":{"line":1,"column":0},"end":{"line":1,"column":79}},"2":{"start":{"line":3,"column":0},"end":{"line":3,"column":43}},"3":{"start":{"line":4,"column":0},"end":{"line":4,"column":36}},"5":{"start":{"line":6,"column":0},"end":{"line":6,"column":30}},"6":{"start":{"line":7,"column":0},"end":{"line":7,"column":48}},"8":{"start":{"line":9,"column":0},"end":{"line":9,"column":55}},"9":{"start":{"line":10,"column":0},"end":{"line":10,"column":49}},"10":{"start":{"line":11,"column":0},"end":{"line":11,"column":3}},"12":{"start":{"line":13,"column":0},"end":{"line":13,"column":32}},"13":{"start":{"line":14,"column":0},"end":{"line":14,"column":45}},"14":{"start":{"line":15,"column":0},"end":{"line":15,"column":3}},"16":{"start":{"line":17,"column":0},"end":{"line":17,"column":52}},"17":{"start":{"line":18,"column":0},"end":{"line":18,"column":56}},"18":{"start":{"line":19,"column":0},"end":{"line":19,"column":3}},"20":{"start":{"line":21,"column":0},"end":{"line":21,"column":80}},"21":{"start":{"line":22,"column":0},"end":{"line":22,"column":59}},"22":{"start":{"line":23,"column":0},"end":{"line":23,"column":29}},"23":{"start":{"line":24,"column":0},"end":{"line":24,"column":50}},"24":{"start":{"line":25,"column":0},"end":{"line":25,"column":13}},"25":{"start":{"line":26,"column":0},"end":{"line":26,"column":14}},"26":{"start":{"line":27,"column":0},"end":{"line":27,"column":37}},"27":{"start":{"line":28,"column":0},"end":{"line":28,"column":11}},"28":{"start":{"line":29,"column":0},"end":{"line":29,"column":12}},"29":{"start":{"line":30,"column":0},"end":{"line":30,"column":6}},"30":{"start":{"line":31,"column":0},"end":{"line":31,"column":3}},"31":{"start":{"line":32,"column":0},"end":{"line":32,"column":53}},"32":{"start":{"line":33,"column":0},"end":{"line":33,"column":43}},"33":{"start":{"line":34,"column":0},"end":{"line":34,"column":18}},"34":{"start":{"line":35,"column":0},"end":{"line":35,"column":38}},"35":{"start":{"line":36,"column":0},"end":{"line":36,"column":42}},"36":{"start":{"line":37,"column":0},"end":{"line":37,"column":66}},"37":{"start":{"line":38,"column":0},"end":{"line":38,"column":21}},"38":{"start":{"line":39,"column":0},"end":{"line":39,"column":31}},"39":{"start":{"line":40,"column":0},"end":{"line":40,"column":27}},"40":{"start":{"line":41,"column":0},"end":{"line":41,"column":52}},"41":{"start":{"line":42,"column":0},"end":{"line":42,"column":7}},"42":{"start":{"line":43,"column":0},"end":{"line":43,"column":53}},"43":{"start":{"line":44,"column":0},"end":{"line":44,"column":3}},"44":{"start":{"line":45,"column":0},"end":{"line":45,"column":1}}},"s":{"0":1,"2":1,"3":1,"5":1,"6":9,"8":9,"9":9,"10":9,"12":9,"13":3,"14":3,"16":9,"17":10,"18":10,"20":9,"21":6,"22":22,"23":10,"24":7,"25":3,"26":12,"27":4,"28":8,"29":6,"30":6,"31":9,"32":3,"33":3,"34":3,"35":3,"36":3,"37":8,"38":8,"39":3,"40":3,"41":3,"42":3,"43":3,"44":9},"branchMap":{"0":{"type":"branch","line":6,"loc":{"start":{"line":6,"column":29},"end":{"line":45,"column":1}},"locations":[{"start":{"line":6,"column":29},"end":{"line":45,"column":1}}]},"1":{"type":"branch","line":9,"loc":{"start":{"line":9,"column":2},"end":{"line":11,"column":3}},"locations":[{"start":{"line":9,"column":2},"end":{"line":11,"column":3}}]},"2":{"type":"branch","line":13,"loc":{"start":{"line":13,"column":2},"end":{"line":15,"column":3}},"locations":[{"start":{"line":13,"column":2},"end":{"line":15,"column":3}}]},"3":{"type":"branch","line":17,"loc":{"start":{"line":17,"column":2},"end":{"line":19,"column":3}},"locations":[{"start":{"line":17,"column":2},"end":{"line":19,"column":3}}]},"4":{"type":"branch","line":21,"loc":{"start":{"line":21,"column":2},"end":{"line":31,"column":3}},"locations":[{"start":{"line":21,"column":2},"end":{"line":31,"column":3}}]},"5":{"type":"branch","line":22,"loc":{"start":{"line":22,"column":50},"end":{"line":29,"column":12}},"locations":[{"start":{"line":22,"column":50},"end":{"line":29,"column":12}}]},"6":{"type":"branch","line":23,"loc":{"start":{"line":23,"column":20},"end":{"line":26,"column":14}},"locations":[{"start":{"line":23,"column":20},"end":{"line":26,"column":14}}]},"7":{"type":"branch","line":24,"loc":{"start":{"line":24,"column":49},"end":{"line":25,"column":13}},"locations":[{"start":{"line":24,"column":49},"end":{"line":25,"column":13}}]},"8":{"type":"branch","line":25,"loc":{"start":{"line":25,"column":12},"end":{"line":26,"column":14}},"locations":[{"start":{"line":25,"column":12},"end":{"line":26,"column":14}}]},"9":{"type":"branch","line":26,"loc":{"start":{"line":26,"column":12},"end":{"line":29,"column":12}},"locations":[{"start":{"line":26,"column":12},"end":{"line":29,"column":12}}]},"10":{"type":"branch","line":27,"loc":{"start":{"line":27,"column":36},"end":{"line":28,"column":11}},"locations":[{"start":{"line":27,"column":36},"end":{"line":28,"column":11}}]},"11":{"type":"branch","line":28,"loc":{"start":{"line":28,"column":10},"end":{"line":29,"column":12}},"locations":[{"start":{"line":28,"column":10},"end":{"line":29,"column":12}}]},"12":{"type":"branch","line":32,"loc":{"start":{"line":32,"column":2},"end":{"line":44,"column":3}},"locations":[{"start":{"line":32,"column":2},"end":{"line":44,"column":3}}]},"13":{"type":"branch","line":37,"loc":{"start":{"line":37,"column":47},"end":{"line":40,"column":8}},"locations":[{"start":{"line":37,"column":47},"end":{"line":40,"column":8}}]}},"b":{"0":[9],"1":[9],"2":[3],"3":[10],"4":[6],"5":[22],"6":[10],"7":[7],"8":[3],"9":[12],"10":[4],"11":[8],"12":[3],"13":[8]},"fnMap":{"0":{"name":"<instance_members_initializer>","decl":{"start":{"line":6,"column":29},"end":{"line":45,"column":1}},"loc":{"start":{"line":6,"column":29},"end":{"line":45,"column":1}},"line":6},"1":{"name":"DocumentService","decl":{"start":{"line":9,"column":2},"end":{"line":11,"column":3}},"loc":{"start":{"line":9,"column":2},"end":{"line":11,"column":3}},"line":9},"2":{"name":"documents","decl":{"start":{"line":13,"column":2},"end":{"line":15,"column":3}},"loc":{"start":{"line":13,"column":2},"end":{"line":15,"column":3}},"line":13},"3":{"name":"fetchDocuments","decl":{"start":{"line":17,"column":2},"end":{"line":19,"column":3}},"loc":{"start":{"line":17,"column":2},"end":{"line":19,"column":3}},"line":17},"4":{"name":"sortDocuments","decl":{"start":{"line":21,"column":2},"end":{"line":31,"column":3}},"loc":{"start":{"line":21,"column":2},"end":{"line":31,"column":3}},"line":21},"5":{"name":"createDocument","decl":{"start":{"line":32,"column":2},"end":{"line":44,"column":3}},"loc":{"start":{"line":32,"column":2},"end":{"line":44,"column":3}},"line":32}},"f":{"0":9,"1":9,"2":3,"3":10,"4":6,"5":3}}
,"C:\\Users\\bruno\\Documents\\frontend-engineer-challange\\src\\modules\\documents\\domain\\DocumentModel.ts": {"path":"C:\\Users\\bruno\\Documents\\frontend-engineer-challange\\src\\modules\\documents\\domain\\DocumentModel.ts","all":false,"statementMap":{"0":{"start":{"line":1,"column":0},"end":{"line":1,"column":49}},"1":{"start":{"line":2,"column":0},"end":{"line":2,"column":55}},"2":{"start":{"line":3,"column":0},"end":{"line":3,"column":36}},"3":{"start":{"line":4,"column":0},"end":{"line":4,"column":24}},"6":{"start":{"line":7,"column":0},"end":{"line":7,"column":43}},"7":{"start":{"line":8,"column":0},"end":{"line":8,"column":28}},"8":{"start":{"line":9,"column":0},"end":{"line":9,"column":19}},"9":{"start":{"line":10,"column":0},"end":{"line":10,"column":3}},"14":{"start":{"line":15,"column":0},"end":{"line":15,"column":40}},"15":{"start":{"line":16,"column":0},"end":{"line":16,"column":28}},"16":{"start":{"line":17,"column":0},"end":{"line":17,"column":20}},"17":{"start":{"line":18,"column":0},"end":{"line":18,"column":43}},"18":{"start":{"line":19,"column":0},"end":{"line":19,"column":61}},"19":{"start":{"line":20,"column":0},"end":{"line":20,"column":35}},"20":{"start":{"line":21,"column":0},"end":{"line":21,"column":46}},"21":{"start":{"line":22,"column":0},"end":{"line":22,"column":46}},"22":{"start":{"line":23,"column":0},"end":{"line":23,"column":3}},"25":{"start":{"line":26,"column":0},"end":{"line":26,"column":35}},"26":{"start":{"line":27,"column":0},"end":{"line":27,"column":53}},"27":{"start":{"line":28,"column":0},"end":{"line":28,"column":3}},"28":{"start":{"line":29,"column":0},"end":{"line":29,"column":59}},"29":{"start":{"line":30,"column":0},"end":{"line":30,"column":1}},"32":{"start":{"line":33,"column":0},"end":{"line":33,"column":40}},"33":{"start":{"line":34,"column":0},"end":{"line":34,"column":53}},"34":{"start":{"line":35,"column":0},"end":{"line":35,"column":3}},"35":{"start":{"line":36,"column":0},"end":{"line":36,"column":58}},"36":{"start":{"line":37,"column":0},"end":{"line":37,"column":1}},"42":{"start":{"line":43,"column":0},"end":{"line":43,"column":28}},"43":{"start":{"line":44,"column":0},"end":{"line":44,"column":20}},"44":{"start":{"line":45,"column":0},"end":{"line":45,"column":23}},"45":{"start":{"line":46,"column":0},"end":{"line":46,"column":32}},"46":{"start":{"line":47,"column":0},"end":{"line":47,"column":25}},"47":{"start":{"line":48,"column":0},"end":{"line":48,"column":30}},"48":{"start":{"line":49,"column":0},"end":{"line":49,"column":27}},"49":{"start":{"line":50,"column":0},"end":{"line":50,"column":35}},"50":{"start":{"line":51,"column":0},"end":{"line":51,"column":27}},"52":{"start":{"line":53,"column":0},"end":{"line":53,"column":35}},"53":{"start":{"line":54,"column":0},"end":{"line":54,"column":38}},"54":{"start":{"line":55,"column":0},"end":{"line":55,"column":32}},"55":{"start":{"line":56,"column":0},"end":{"line":56,"column":50}},"56":{"start":{"line":57,"column":0},"end":{"line":57,"column":39}},"57":{"start":{"line":58,"column":0},"end":{"line":58,"column":6}},"58":{"start":{"line":59,"column":0},"end":{"line":59,"column":47}},"59":{"start":{"line":60,"column":0},"end":{"line":60,"column":43}},"60":{"start":{"line":61,"column":0},"end":{"line":61,"column":68}},"61":{"start":{"line":62,"column":0},"end":{"line":62,"column":68}},"62":{"start":{"line":63,"column":0},"end":{"line":63,"column":45}},"63":{"start":{"line":64,"column":0},"end":{"line":64,"column":44}},"64":{"start":{"line":65,"column":0},"end":{"line":65,"column":6}},"65":{"start":{"line":66,"column":0},"end":{"line":66,"column":3}},"66":{"start":{"line":67,"column":0},"end":{"line":67,"column":1}}},"s":{"0":1,"1":1,"2":1,"3":1,"6":1,"7":1,"8":1,"9":1,"14":1,"15":1,"16":1,"17":1,"18":1,"19":1,"20":1,"21":1,"22":1,"25":1,"26":11,"27":11,"28":11,"29":11,"32":1,"33":1,"34":1,"35":1,"36":1,"42":1,"43":27,"44":27,"45":27,"46":27,"47":27,"48":27,"49":27,"50":27,"52":27,"53":27,"54":27,"55":27,"56":27,"57":27,"58":27,"59":27,"60":27,"61":27,"62":27,"63":27,"64":27,"65":27,"66":27},"branchMap":{"0":{"type":"branch","line":19,"loc":{"start":{"line":19,"column":32},"end":{"line":19,"column":59}},"locations":[{"start":{"line":19,"column":32},"end":{"line":19,"column":59}}]},"1":{"type":"branch","line":26,"loc":{"start":{"line":26,"column":7},"end":{"line":30,"column":1}},"locations":[{"start":{"line":26,"column":7},"end":{"line":30,"column":1}}]},"2":{"type":"branch","line":33,"loc":{"start":{"line":33,"column":7},"end":{"line":37,"column":1}},"locations":[{"start":{"line":33,"column":7},"end":{"line":37,"column":1}}]},"3":{"type":"branch","line":43,"loc":{"start":{"line":43,"column":27},"end":{"line":67,"column":1}},"locations":[{"start":{"line":43,"column":27},"end":{"line":67,"column":1}}]},"4":{"type":"branch","line":53,"loc":{"start":{"line":53,"column":2},"end":{"line":66,"column":3}},"locations":[{"start":{"line":53,"column":2},"end":{"line":66,"column":3}}]},"5":{"type":"branch","line":54,"loc":{"start":{"line":54,"column":23},"end":{"line":54,"column":38}},"locations":[{"start":{"line":54,"column":23},"end":{"line":54,"column":38}}]},"6":{"type":"branch","line":61,"loc":{"start":{"line":61,"column":30},"end":{"line":61,"column":68}},"locations":[{"start":{"line":61,"column":30},"end":{"line":61,"column":68}}]},"7":{"type":"branch","line":62,"loc":{"start":{"line":62,"column":30},"end":{"line":62,"column":68}},"locations":[{"start":{"line":62,"column":30},"end":{"line":62,"column":68}}]},"8":{"type":"branch","line":57,"loc":{"start":{"line":57,"column":6},"end":{"line":57,"column":39}},"locations":[{"start":{"line":57,"column":6},"end":{"line":57,"column":39}}]}},"b":{"0":[11],"1":[11],"2":[1],"3":[27],"4":[27],"5":[2],"6":[2],"7":[2],"8":[105]},"fnMap":{"0":{"name":"createDocumentMock","decl":{"start":{"line":26,"column":7},"end":{"line":30,"column":1}},"loc":{"start":{"line":26,"column":7},"end":{"line":30,"column":1}},"line":26},"1":{"name":"createDocumentModelMock","decl":{"start":{"line":33,"column":7},"end":{"line":37,"column":1}},"loc":{"start":{"line":33,"column":7},"end":{"line":37,"column":1}},"line":33},"2":{"name":"<instance_members_initializer>","decl":{"start":{"line":43,"column":27},"end":{"line":67,"column":1}},"loc":{"start":{"line":43,"column":27},"end":{"line":67,"column":1}},"line":43},"3":{"name":"DocumentModel","decl":{"start":{"line":53,"column":2},"end":{"line":66,"column":3}},"loc":{"start":{"line":53,"column":2},"end":{"line":66,"column":3}},"line":53}},"f":{"0":11,"1":1,"2":27,"3":27}}
,"C:\\Users\\bruno\\Documents\\frontend-engineer-challange\\src\\modules\\documents\\infrastructure\\DocumentRepository.ts": {"path":"C:\\Users\\bruno\\Documents\\frontend-engineer-challange\\src\\modules\\documents\\infrastructure\\DocumentRepository.ts","all":false,"statementMap":{"0":{"start":{"line":1,"column":0},"end":{"line":1,"column":66}},"2":{"start":{"line":3,"column":0},"end":{"line":3,"column":33}},"3":{"start":{"line":4,"column":0},"end":{"line":4,"column":41}},"5":{"start":{"line":6,"column":0},"end":{"line":6,"column":50}},"6":{"start":{"line":7,"column":0},"end":{"line":7,"column":79}},"7":{"start":{"line":8,"column":0},"end":{"line":8,"column":39}},"8":{"start":{"line":9,"column":0},"end":{"line":9,"column":24}},"9":{"start":{"line":10,"column":0},"end":{"line":10,"column":70}},"10":{"start":{"line":11,"column":0},"end":{"line":11,"column":6}},"11":{"start":{"line":12,"column":0},"end":{"line":12,"column":26}},"12":{"start":{"line":13,"column":0},"end":{"line":13,"column":3}},"14":{"start":{"line":15,"column":0},"end":{"line":15,"column":61}},"23":{"start":{"line":24,"column":0},"end":{"line":24,"column":34}},"24":{"start":{"line":25,"column":0},"end":{"line":25,"column":3}},"25":{"start":{"line":26,"column":0},"end":{"line":26,"column":1}}},"s":{"0":1,"2":1,"3":10,"5":10,"6":11,"7":11,"8":11,"9":11,"10":11,"11":11,"12":11,"14":10,"23":4,"24":4,"25":10},"branchMap":{"0":{"type":"branch","line":3,"loc":{"start":{"line":3,"column":32},"end":{"line":26,"column":1}},"locations":[{"start":{"line":3,"column":32},"end":{"line":26,"column":1}}]},"1":{"type":"branch","line":6,"loc":{"start":{"line":6,"column":2},"end":{"line":13,"column":3}},"locations":[{"start":{"line":6,"column":2},"end":{"line":13,"column":3}}]},"2":{"type":"branch","line":10,"loc":{"start":{"line":10,"column":18},"end":{"line":10,"column":69}},"locations":[{"start":{"line":10,"column":18},"end":{"line":10,"column":69}}]},"3":{"type":"branch","line":15,"loc":{"start":{"line":15,"column":2},"end":{"line":25,"column":3}},"locations":[{"start":{"line":15,"column":2},"end":{"line":25,"column":3}}]}},"b":{"0":[10],"1":[11],"2":[15],"3":[4]},"fnMap":{"0":{"name":"<instance_members_initializer>","decl":{"start":{"line":3,"column":32},"end":{"line":26,"column":1}},"loc":{"start":{"line":3,"column":32},"end":{"line":26,"column":1}},"line":3},"1":{"name":"getDocuments","decl":{"start":{"line":6,"column":2},"end":{"line":13,"column":3}},"loc":{"start":{"line":6,"column":2},"end":{"line":13,"column":3}},"line":6},"2":{"name":"addDocument","decl":{"start":{"line":15,"column":2},"end":{"line":25,"column":3}},"loc":{"start":{"line":15,"column":2},"end":{"line":25,"column":3}},"line":15}},"f":{"0":10,"1":11,"2":4}}
,"C:\\Users\\bruno\\Documents\\frontend-engineer-challange\\src\\modules\\documents\\ui\\Actions.ts": {"path":"C:\\Users\\bruno\\Documents\\frontend-engineer-challange\\src\\modules\\documents\\ui\\Actions.ts","all":false,"statementMap":{"0":{"start":{"line":1,"column":0},"end":{"line":1,"column":44}},"1":{"start":{"line":2,"column":0},"end":{"line":2,"column":44}},"2":{"start":{"line":3,"column":0},"end":{"line":3,"column":44}},"4":{"start":{"line":5,"column":0},"end":{"line":5,"column":33}},"5":{"start":{"line":6,"column":0},"end":{"line":6,"column":63}},"6":{"start":{"line":7,"column":0},"end":{"line":7,"column":56}},"12":{"start":{"line":13,"column":0},"end":{"line":13,"column":27}},"18":{"start":{"line":19,"column":0},"end":{"line":19,"column":27}},"22":{"start":{"line":23,"column":0},"end":{"line":23,"column":1}}},"s":{"0":1,"1":1,"2":1,"4":1,"5":8,"6":8,"12":8,"18":8,"22":8},"branchMap":{"0":{"type":"branch","line":5,"loc":{"start":{"line":5,"column":7},"end":{"line":23,"column":1}},"locations":[{"start":{"line":5,"column":7},"end":{"line":23,"column":1}}]}},"b":{"0":[8]},"fnMap":{"0":{"name":"renderActions","decl":{"start":{"line":5,"column":7},"end":{"line":23,"column":1}},"loc":{"start":{"line":5,"column":7},"end":{"line":23,"column":1}},"line":5}},"f":{"0":8}}
,"C:\\Users\\bruno\\Documents\\frontend-engineer-challange\\src\\modules\\documents\\ui\\CloseIcon.ts": {"path":"C:\\Users\\bruno\\Documents\\frontend-engineer-challange\\src\\modules\\documents\\ui\\CloseIcon.ts","all":false,"statementMap":{"0":{"start":{"line":1,"column":0},"end":{"line":1,"column":35}},"1":{"start":{"line":2,"column":0},"end":{"line":2,"column":25}},"16":{"start":{"line":17,"column":0},"end":{"line":17,"column":1}}},"s":{"0":1,"1":15,"16":15},"branchMap":{"0":{"type":"branch","line":1,"loc":{"start":{"line":1,"column":7},"end":{"line":17,"column":1}},"locations":[{"start":{"line":1,"column":7},"end":{"line":17,"column":1}}]}},"b":{"0":[15]},"fnMap":{"0":{"name":"renderCloseIcon","decl":{"start":{"line":1,"column":7},"end":{"line":17,"column":1}},"loc":{"start":{"line":1,"column":7},"end":{"line":17,"column":1}},"line":1}},"f":{"0":15}}
,"C:\\Users\\bruno\\Documents\\frontend-engineer-challange\\src\\modules\\documents\\ui\\Container.ts": {"path":"C:\\Users\\bruno\\Documents\\frontend-engineer-challange\\src\\modules\\documents\\ui\\Container.ts","all":false,"statementMap":{"0":{"start":{"line":1,"column":0},"end":{"line":1,"column":42}},"2":{"start":{"line":3,"column":0},"end":{"line":3,"column":35}},"3":{"start":{"line":4,"column":0},"end":{"line":4,"column":21}},"6":{"start":{"line":7,"column":0},"end":{"line":7,"column":24}},"17":{"start":{"line":18,"column":0},"end":{"line":18,"column":1}}},"s":{"0":1,"2":1,"3":8,"6":8,"17":8},"branchMap":{"0":{"type":"branch","line":3,"loc":{"start":{"line":3,"column":7},"end":{"line":18,"column":1}},"locations":[{"start":{"line":3,"column":7},"end":{"line":18,"column":1}}]}},"b":{"0":[8]},"fnMap":{"0":{"name":"renderContainer","decl":{"start":{"line":3,"column":7},"end":{"line":18,"column":1}},"loc":{"start":{"line":3,"column":7},"end":{"line":18,"column":1}},"line":3}},"f":{"0":8}}
,"C:\\Users\\bruno\\Documents\\frontend-engineer-challange\\src\\modules\\documents\\ui\\DocumentCard.ts": {"path":"C:\\Users\\bruno\\Documents\\frontend-engineer-challange\\src\\modules\\documents\\ui\\DocumentCard.ts","all":false,"statementMap":{"2":{"start":{"line":3,"column":0},"end":{"line":3,"column":61}},"3":{"start":{"line":4,"column":0},"end":{"line":4,"column":48}},"5":{"start":{"line":6,"column":0},"end":{"line":6,"column":63}},"7":{"start":{"line":8,"column":0},"end":{"line":8,"column":67}},"10":{"start":{"line":11,"column":0},"end":{"line":11,"column":41}},"13":{"start":{"line":14,"column":0},"end":{"line":14,"column":39}},"16":{"start":{"line":17,"column":0},"end":{"line":17,"column":44}},"19":{"start":{"line":20,"column":0},"end":{"line":20,"column":1}}},"s":{"2":1,"3":19,"5":19,"7":19,"10":19,"13":19,"16":19,"19":19},"branchMap":{"0":{"type":"branch","line":3,"loc":{"start":{"line":3,"column":7},"end":{"line":20,"column":1}},"locations":[{"start":{"line":3,"column":7},"end":{"line":20,"column":1}}]}},"b":{"0":[19]},"fnMap":{"0":{"name":"renderDocumentCard","decl":{"start":{"line":3,"column":7},"end":{"line":20,"column":1}},"loc":{"start":{"line":3,"column":7},"end":{"line":20,"column":1}},"line":3}},"f":{"0":19}}
,"C:\\Users\\bruno\\Documents\\frontend-engineer-challange\\src\\modules\\documents\\ui\\DocumentCardAdd.ts": {"path":"C:\\Users\\bruno\\Documents\\frontend-engineer-challange\\src\\modules\\documents\\ui\\DocumentCardAdd.ts","all":false,"statementMap":{"0":{"start":{"line":1,"column":0},"end":{"line":1,"column":46}},"2":{"start":{"line":3,"column":0},"end":{"line":3,"column":41}},"3":{"start":{"line":4,"column":0},"end":{"line":4,"column":25}},"9":{"start":{"line":10,"column":0},"end":{"line":10,"column":35}},"10":{"start":{"line":11,"column":0},"end":{"line":11,"column":1}},"12":{"start":{"line":13,"column":0},"end":{"line":13,"column":43}},"13":{"start":{"line":14,"column":0},"end":{"line":14,"column":57}},"15":{"start":{"line":16,"column":0},"end":{"line":16,"column":26}},"65":{"start":{"line":66,"column":0},"end":{"line":66,"column":1}}},"s":{"0":1,"2":1,"3":15,"9":15,"10":15,"12":1,"13":15,"15":15,"65":15},"branchMap":{"0":{"type":"branch","line":3,"loc":{"start":{"line":3,"column":7},"end":{"line":11,"column":1}},"locations":[{"start":{"line":3,"column":7},"end":{"line":11,"column":1}}]},"1":{"type":"branch","line":13,"loc":{"start":{"line":13,"column":7},"end":{"line":66,"column":1}},"locations":[{"start":{"line":13,"column":7},"end":{"line":66,"column":1}}]}},"b":{"0":[15],"1":[15]},"fnMap":{"0":{"name":"renderAddDocumentCard","decl":{"start":{"line":3,"column":7},"end":{"line":11,"column":1}},"loc":{"start":{"line":3,"column":7},"end":{"line":11,"column":1}},"line":3},"1":{"name":"renderAddDocumentDialog","decl":{"start":{"line":13,"column":7},"end":{"line":66,"column":1}},"loc":{"start":{"line":13,"column":7},"end":{"line":66,"column":1}},"line":13}},"f":{"0":15,"1":15}}
,"C:\\Users\\bruno\\Documents\\frontend-engineer-challange\\src\\modules\\documents\\ui\\DocumentUI.ts": {"path":"C:\\Users\\bruno\\Documents\\frontend-engineer-challange\\src\\modules\\documents\\ui\\DocumentUI.ts","all":false,"statementMap":{"2":{"start":{"line":3,"column":0},"end":{"line":3,"column":52}},"3":{"start":{"line":4,"column":0},"end":{"line":4,"column":58}},"4":{"start":{"line":5,"column":0},"end":{"line":5,"column":46}},"15":{"start":{"line":16,"column":0},"end":{"line":16,"column":25}},"16":{"start":{"line":17,"column":0},"end":{"line":17,"column":46}},"17":{"start":{"line":18,"column":0},"end":{"line":18,"column":46}},"18":{"start":{"line":19,"column":0},"end":{"line":19,"column":40}},"19":{"start":{"line":20,"column":0},"end":{"line":20,"column":46}},"20":{"start":{"line":21,"column":0},"end":{"line":21,"column":43}},"21":{"start":{"line":22,"column":0},"end":{"line":22,"column":37}},"22":{"start":{"line":23,"column":0},"end":{"line":23,"column":50}},"23":{"start":{"line":24,"column":0},"end":{"line":24,"column":46}},"24":{"start":{"line":25,"column":0},"end":{"line":25,"column":51}},"25":{"start":{"line":26,"column":0},"end":{"line":26,"column":51}},"27":{"start":{"line":28,"column":0},"end":{"line":28,"column":57}},"28":{"start":{"line":29,"column":0},"end":{"line":29,"column":73}},"29":{"start":{"line":30,"column":0},"end":{"line":30,"column":24}},"31":{"start":{"line":32,"column":0},"end":{"line":32,"column":74}},"32":{"start":{"line":33,"column":0},"end":{"line":33,"column":74}},"33":{"start":{"line":34,"column":0},"end":{"line":34,"column":76}},"34":{"start":{"line":35,"column":0},"end":{"line":35,"column":61}},"35":{"start":{"line":36,"column":0},"end":{"line":36,"column":66}},"37":{"start":{"line":38,"column":0},"end":{"line":38,"column":28}},"39":{"start":{"line":40,"column":0},"end":{"line":40,"column":60}},"40":{"start":{"line":41,"column":0},"end":{"line":41,"column":33}},"41":{"start":{"line":42,"column":0},"end":{"line":42,"column":7}},"43":{"start":{"line":44,"column":0},"end":{"line":44,"column":60}},"44":{"start":{"line":45,"column":0},"end":{"line":45,"column":33}},"45":{"start":{"line":46,"column":0},"end":{"line":46,"column":7}},"47":{"start":{"line":48,"column":0},"end":{"line":48,"column":61}},"48":{"start":{"line":49,"column":0},"end":{"line":49,"column":27}},"49":{"start":{"line":50,"column":0},"end":{"line":50,"column":7}},"50":{"start":{"line":51,"column":0},"end":{"line":51,"column":3}},"52":{"start":{"line":53,"column":0},"end":{"line":53,"column":19}},"53":{"start":{"line":54,"column":0},"end":{"line":54,"column":45}},"54":{"start":{"line":55,"column":0},"end":{"line":55,"column":63}},"55":{"start":{"line":56,"column":0},"end":{"line":56,"column":52}},"56":{"start":{"line":57,"column":0},"end":{"line":57,"column":6}},"57":{"start":{"line":58,"column":0},"end":{"line":58,"column":35}},"58":{"start":{"line":59,"column":0},"end":{"line":59,"column":3}},"59":{"start":{"line":60,"column":0},"end":{"line":60,"column":27}},"60":{"start":{"line":61,"column":0},"end":{"line":61,"column":66}},"61":{"start":{"line":62,"column":0},"end":{"line":62,"column":29}},"62":{"start":{"line":63,"column":0},"end":{"line":63,"column":3}},"64":{"start":{"line":65,"column":0},"end":{"line":65,"column":40}},"65":{"start":{"line":66,"column":0},"end":{"line":66,"column":39}},"66":{"start":{"line":67,"column":0},"end":{"line":67,"column":54}},"67":{"start":{"line":68,"column":0},"end":{"line":68,"column":16}},"68":{"start":{"line":69,"column":0},"end":{"line":69,"column":58}},"69":{"start":{"line":70,"column":0},"end":{"line":70,"column":78}},"71":{"start":{"line":72,"column":0},"end":{"line":72,"column":28}},"72":{"start":{"line":73,"column":0},"end":{"line":73,"column":3}},"74":{"start":{"line":75,"column":0},"end":{"line":75,"column":22}},"75":{"start":{"line":76,"column":0},"end":{"line":76,"column":54}},"76":{"start":{"line":77,"column":0},"end":{"line":77,"column":54}},"77":{"start":{"line":78,"column":0},"end":{"line":78,"column":36}},"78":{"start":{"line":79,"column":0},"end":{"line":79,"column":51}},"79":{"start":{"line":80,"column":0},"end":{"line":80,"column":37}},"80":{"start":{"line":81,"column":0},"end":{"line":81,"column":53}},"81":{"start":{"line":82,"column":0},"end":{"line":82,"column":75}},"82":{"start":{"line":83,"column":0},"end":{"line":83,"column":12}},"83":{"start":{"line":84,"column":0},"end":{"line":84,"column":53}},"84":{"start":{"line":85,"column":0},"end":{"line":85,"column":78}},"85":{"start":{"line":86,"column":0},"end":{"line":86,"column":5}},"86":{"start":{"line":87,"column":0},"end":{"line":87,"column":3}},"88":{"start":{"line":89,"column":0},"end":{"line":89,"column":31}},"89":{"start":{"line":90,"column":0},"end":{"line":90,"column":27}},"90":{"start":{"line":91,"column":0},"end":{"line":91,"column":28}},"91":{"start":{"line":92,"column":0},"end":{"line":92,"column":3}},"93":{"start":{"line":94,"column":0},"end":{"line":94,"column":22}},"94":{"start":{"line":95,"column":0},"end":{"line":95,"column":50}},"95":{"start":{"line":96,"column":0},"end":{"line":96,"column":26}},"96":{"start":{"line":97,"column":0},"end":{"line":97,"column":21}},"97":{"start":{"line":98,"column":0},"end":{"line":98,"column":51}},"98":{"start":{"line":99,"column":0},"end":{"line":99,"column":26}},"99":{"start":{"line":100,"column":0},"end":{"line":100,"column":25}},"101":{"start":{"line":102,"column":0},"end":{"line":102,"column":55}},"102":{"start":{"line":103,"column":0},"end":{"line":103,"column":24}},"103":{"start":{"line":104,"column":0},"end":{"line":104,"column":21}},"105":{"start":{"line":106,"column":0},"end":{"line":106,"column":55}},"106":{"start":{"line":107,"column":0},"end":{"line":107,"column":24}},"107":{"start":{"line":108,"column":0},"end":{"line":108,"column":21}},"109":{"start":{"line":110,"column":0},"end":{"line":110,"column":59}},"110":{"start":{"line":111,"column":0},"end":{"line":111,"column":76}},"111":{"start":{"line":112,"column":0},"end":{"line":112,"column":7}},"113":{"start":{"line":114,"column":0},"end":{"line":114,"column":64}},"114":{"start":{"line":115,"column":0},"end":{"line":115,"column":64}},"115":{"start":{"line":116,"column":0},"end":{"line":116,"column":39}},"116":{"start":{"line":117,"column":0},"end":{"line":117,"column":8}},"117":{"start":{"line":118,"column":0},"end":{"line":118,"column":63}},"118":{"start":{"line":119,"column":0},"end":{"line":119,"column":37}},"119":{"start":{"line":120,"column":0},"end":{"line":120,"column":45}},"120":{"start":{"line":121,"column":0},"end":{"line":121,"column":39}},"121":{"start":{"line":122,"column":0},"end":{"line":122,"column":64}},"123":{"start":{"line":124,"column":0},"end":{"line":124,"column":77}},"124":{"start":{"line":125,"column":0},"end":{"line":125,"column":40}},"125":{"start":{"line":126,"column":0},"end":{"line":126,"column":59}},"126":{"start":{"line":127,"column":0},"end":{"line":127,"column":9}},"127":{"start":{"line":128,"column":0},"end":{"line":128,"column":7}},"128":{"start":{"line":129,"column":0},"end":{"line":129,"column":7}},"130":{"start":{"line":131,"column":0},"end":{"line":131,"column":64}},"131":{"start":{"line":132,"column":0},"end":{"line":132,"column":63}},"132":{"start":{"line":133,"column":0},"end":{"line":133,"column":38}},"133":{"start":{"line":134,"column":0},"end":{"line":134,"column":8}},"134":{"start":{"line":135,"column":0},"end":{"line":135,"column":63}},"135":{"start":{"line":136,"column":0},"end":{"line":136,"column":37}},"136":{"start":{"line":137,"column":0},"end":{"line":137,"column":44}},"137":{"start":{"line":138,"column":0},"end":{"line":138,"column":39}},"138":{"start":{"line":139,"column":0},"end":{"line":139,"column":63}},"140":{"start":{"line":141,"column":0},"end":{"line":141,"column":76}},"141":{"start":{"line":142,"column":0},"end":{"line":142,"column":40}},"142":{"start":{"line":143,"column":0},"end":{"line":143,"column":59}},"143":{"start":{"line":144,"column":0},"end":{"line":144,"column":9}},"144":{"start":{"line":145,"column":0},"end":{"line":145,"column":7}},"145":{"start":{"line":146,"column":0},"end":{"line":146,"column":7}},"147":{"start":{"line":148,"column":0},"end":{"line":148,"column":66}},"148":{"start":{"line":149,"column":0},"end":{"line":149,"column":29}},"149":{"start":{"line":150,"column":0},"end":{"line":150,"column":54}},"150":{"start":{"line":151,"column":0},"end":{"line":151,"column":25}},"152":{"start":{"line":153,"column":0},"end":{"line":153,"column":13}},"154":{"start":{"line":155,"column":0},"end":{"line":155,"column":40}},"155":{"start":{"line":156,"column":0},"end":{"line":156,"column":30}},"156":{"start":{"line":157,"column":0},"end":{"line":157,"column":48}},"157":{"start":{"line":158,"column":0},"end":{"line":158,"column":48}},"158":{"start":{"line":159,"column":0},"end":{"line":159,"column":11}},"159":{"start":{"line":160,"column":0},"end":{"line":160,"column":38}},"160":{"start":{"line":161,"column":0},"end":{"line":161,"column":16}},"161":{"start":{"line":162,"column":0},"end":{"line":162,"column":34}},"162":{"start":{"line":163,"column":0},"end":{"line":163,"column":9}},"163":{"start":{"line":164,"column":0},"end":{"line":164,"column":9}},"165":{"start":{"line":166,"column":0},"end":{"line":166,"column":49}},"166":{"start":{"line":167,"column":0},"end":{"line":167,"column":42}},"167":{"start":{"line":168,"column":0},"end":{"line":168,"column":46}},"168":{"start":{"line":169,"column":0},"end":{"line":169,"column":60}},"169":{"start":{"line":170,"column":0},"end":{"line":170,"column":54}},"170":{"start":{"line":171,"column":0},"end":{"line":171,"column":53}},"171":{"start":{"line":172,"column":0},"end":{"line":172,"column":60}},"172":{"start":{"line":173,"column":0},"end":{"line":173,"column":15}},"173":{"start":{"line":174,"column":0},"end":{"line":174,"column":13}},"174":{"start":{"line":175,"column":0},"end":{"line":175,"column":13}},"175":{"start":{"line":176,"column":0},"end":{"line":176,"column":15}},"176":{"start":{"line":177,"column":0},"end":{"line":177,"column":30}},"177":{"start":{"line":178,"column":0},"end":{"line":178,"column":56}},"178":{"start":{"line":179,"column":0},"end":{"line":179,"column":16}},"179":{"start":{"line":180,"column":0},"end":{"line":180,"column":14}},"180":{"start":{"line":181,"column":0},"end":{"line":181,"column":58}},"181":{"start":{"line":182,"column":0},"end":{"line":182,"column":48}},"182":{"start":{"line":183,"column":0},"end":{"line":183,"column":47}},"183":{"start":{"line":184,"column":0},"end":{"line":184,"column":9}},"184":{"start":{"line":185,"column":0},"end":{"line":185,"column":54}},"185":{"start":{"line":186,"column":0},"end":{"line":186,"column":27}},"186":{"start":{"line":187,"column":0},"end":{"line":187,"column":7}},"187":{"start":{"line":188,"column":0},"end":{"line":188,"column":3}},"188":{"start":{"line":189,"column":0},"end":{"line":189,"column":1}}},"s":{"2":1,"3":1,"4":1,"15":1,"16":8,"17":8,"18":8,"19":8,"20":8,"21":8,"22":8,"23":8,"24":8,"25":8,"27":8,"28":8,"29":8,"31":8,"32":8,"33":8,"34":8,"35":8,"37":8,"39":8,"40":1,"41":8,"43":8,"44":1,"45":8,"47":8,"48":2,"49":8,"50":8,"52":8,"53":4,"54":4,"55":4,"56":4,"57":4,"58":4,"59":8,"60":8,"61":8,"62":8,"64":8,"65":14,"66":14,"67":14,"68":14,"69":14,"71":14,"72":14,"74":8,"75":10,"76":10,"77":10,"78":10,"79":10,"80":1,"81":1,"82":10,"83":9,"84":9,"85":9,"86":10,"88":8,"89":2,"90":2,"91":2,"93":8,"94":14,"95":14,"96":14,"97":14,"98":14,"99":14,"101":14,"102":14,"103":14,"105":14,"106":14,"107":14,"109":14,"110":2,"111":14,"113":14,"114":4,"115":4,"116":4,"117":4,"118":4,"119":4,"120":4,"121":4,"123":4,"124":1,"125":1,"126":1,"127":1,"128":14,"130":14,"131":4,"132":4,"133":4,"134":4,"135":4,"136":4,"137":4,"138":4,"140":4,"141":1,"142":1,"143":1,"144":1,"145":14,"147":14,"148":2,"149":2,"150":2,"152":2,"154":2,"155":16,"156":8,"157":2,"158":2,"159":8,"160":8,"161":8,"162":8,"163":2,"165":2,"166":2,"167":2,"168":2,"169":1,"170":1,"171":5,"172":5,"173":1,"174":1,"175":1,"176":1,"177":1,"178":1,"179":1,"180":2,"181":1,"182":1,"183":2,"184":2,"185":2,"186":14,"187":14,"188":8},"branchMap":{"0":{"type":"branch","line":16,"loc":{"start":{"line":16,"column":24},"end":{"line":189,"column":1}},"locations":[{"start":{"line":16,"column":24},"end":{"line":189,"column":1}}]},"1":{"type":"branch","line":28,"loc":{"start":{"line":28,"column":2},"end":{"line":51,"column":3}},"locations":[{"start":{"line":28,"column":2},"end":{"line":51,"column":3}}]},"2":{"type":"branch","line":40,"loc":{"start":{"line":40,"column":53},"end":{"line":42,"column":5}},"locations":[{"start":{"line":40,"column":53},"end":{"line":42,"column":5}}]},"3":{"type":"branch","line":44,"loc":{"start":{"line":44,"column":53},"end":{"line":46,"column":5}},"locations":[{"start":{"line":44,"column":53},"end":{"line":46,"column":5}}]},"4":{"type":"branch","line":48,"loc":{"start":{"line":48,"column":48},"end":{"line":50,"column":5}},"locations":[{"start":{"line":48,"column":48},"end":{"line":50,"column":5}}]},"5":{"type":"branch","line":53,"loc":{"start":{"line":53,"column":2},"end":{"line":59,"column":3}},"locations":[{"start":{"line":53,"column":2},"end":{"line":59,"column":3}}]},"6":{"type":"branch","line":60,"loc":{"start":{"line":60,"column":2},"end":{"line":63,"column":3}},"locations":[{"start":{"line":60,"column":2},"end":{"line":63,"column":3}}]},"7":{"type":"branch","line":65,"loc":{"start":{"line":65,"column":2},"end":{"line":73,"column":3}},"locations":[{"start":{"line":65,"column":2},"end":{"line":73,"column":3}}]},"8":{"type":"branch","line":67,"loc":{"start":{"line":67,"column":11},"end":{"line":67,"column":53}},"locations":[{"start":{"line":67,"column":11},"end":{"line":67,"column":53}}]},"9":{"type":"branch","line":75,"loc":{"start":{"line":75,"column":2},"end":{"line":87,"column":3}},"locations":[{"start":{"line":75,"column":2},"end":{"line":87,"column":3}}]},"10":{"type":"branch","line":79,"loc":{"start":{"line":79,"column":26},"end":{"line":79,"column":44}},"locations":[{"start":{"line":79,"column":26},"end":{"line":79,"column":44}}]},"11":{"type":"branch","line":79,"loc":{"start":{"line":79,"column":35},"end":{"line":79,"column":51}},"locations":[{"start":{"line":79,"column":35},"end":{"line":79,"column":51}}]},"12":{"type":"branch","line":80,"loc":{"start":{"line":80,"column":36},"end":{"line":83,"column":11}},"locations":[{"start":{"line":80,"column":36},"end":{"line":83,"column":11}}]},"13":{"type":"branch","line":83,"loc":{"start":{"line":83,"column":4},"end":{"line":86,"column":5}},"locations":[{"start":{"line":83,"column":4},"end":{"line":86,"column":5}}]},"14":{"type":"branch","line":89,"loc":{"start":{"line":89,"column":2},"end":{"line":92,"column":3}},"locations":[{"start":{"line":89,"column":2},"end":{"line":92,"column":3}}]},"15":{"type":"branch","line":94,"loc":{"start":{"line":94,"column":2},"end":{"line":188,"column":3}},"locations":[{"start":{"line":94,"column":2},"end":{"line":188,"column":3}}]},"16":{"type":"branch","line":110,"loc":{"start":{"line":110,"column":52},"end":{"line":112,"column":5}},"locations":[{"start":{"line":110,"column":52},"end":{"line":112,"column":5}}]},"17":{"type":"branch","line":114,"loc":{"start":{"line":114,"column":57},"end":{"line":129,"column":5}},"locations":[{"start":{"line":114,"column":57},"end":{"line":129,"column":5}}]},"18":{"type":"branch","line":124,"loc":{"start":{"line":124,"column":76},"end":{"line":128,"column":7}},"locations":[{"start":{"line":124,"column":76},"end":{"line":128,"column":7}}]},"19":{"type":"branch","line":131,"loc":{"start":{"line":131,"column":57},"end":{"line":146,"column":5}},"locations":[{"start":{"line":131,"column":57},"end":{"line":146,"column":5}}]},"20":{"type":"branch","line":141,"loc":{"start":{"line":141,"column":75},"end":{"line":145,"column":7}},"locations":[{"start":{"line":141,"column":75},"end":{"line":145,"column":7}}]},"21":{"type":"branch","line":148,"loc":{"start":{"line":148,"column":48},"end":{"line":187,"column":5}},"locations":[{"start":{"line":148,"column":48},"end":{"line":187,"column":5}}]},"22":{"type":"branch","line":169,"loc":{"start":{"line":169,"column":59},"end":{"line":174,"column":13}},"locations":[{"start":{"line":169,"column":59},"end":{"line":174,"column":13}}]},"23":{"type":"branch","line":174,"loc":{"start":{"line":174,"column":12},"end":{"line":180,"column":14}},"locations":[{"start":{"line":174,"column":12},"end":{"line":180,"column":14}}]},"24":{"type":"branch","line":181,"loc":{"start":{"line":181,"column":57},"end":{"line":182,"column":48}},"locations":[{"start":{"line":181,"column":57},"end":{"line":182,"column":48}}]},"25":{"type":"branch","line":182,"loc":{"start":{"line":182,"column":24},"end":{"line":183,"column":47}},"locations":[{"start":{"line":182,"column":24},"end":{"line":183,"column":47}}]},"26":{"type":"branch","line":155,"loc":{"start":{"line":155,"column":23},"end":{"line":164,"column":7}},"locations":[{"start":{"line":155,"column":23},"end":{"line":164,"column":7}}]},"27":{"type":"branch","line":156,"loc":{"start":{"line":156,"column":29},"end":{"line":163,"column":9}},"locations":[{"start":{"line":156,"column":29},"end":{"line":163,"column":9}}]},"28":{"type":"branch","line":157,"loc":{"start":{"line":157,"column":47},"end":{"line":159,"column":11}},"locations":[{"start":{"line":157,"column":47},"end":{"line":159,"column":11}}]},"29":{"type":"branch","line":171,"loc":{"start":{"line":171,"column":14},"end":{"line":173,"column":15}},"locations":[{"start":{"line":171,"column":14},"end":{"line":173,"column":15}}]}},"b":{"0":[8],"1":[8],"2":[1],"3":[1],"4":[2],"5":[4],"6":[8],"7":[14],"8":[18],"9":[10],"10":[1],"11":[9],"12":[1],"13":[9],"14":[2],"15":[14],"16":[2],"17":[4],"18":[1],"19":[4],"20":[1],"21":[2],"22":[1],"23":[1],"24":[1],"25":[1],"26":[16],"27":[8],"28":[2],"29":[5]},"fnMap":{"0":{"name":"<instance_members_initializer>","decl":{"start":{"line":16,"column":24},"end":{"line":189,"column":1}},"loc":{"start":{"line":16,"column":24},"end":{"line":189,"column":1}},"line":16},"1":{"name":"DocumentUI","decl":{"start":{"line":28,"column":2},"end":{"line":51,"column":3}},"loc":{"start":{"line":28,"column":2},"end":{"line":51,"column":3}},"line":28},"2":{"name":"sortDocuments","decl":{"start":{"line":53,"column":2},"end":{"line":59,"column":3}},"loc":{"start":{"line":53,"column":2},"end":{"line":59,"column":3}},"line":53},"3":{"name":"renderDocuments","decl":{"start":{"line":60,"column":2},"end":{"line":63,"column":3}},"loc":{"start":{"line":60,"column":2},"end":{"line":63,"column":3}},"line":60},"4":{"name":"updateUI","decl":{"start":{"line":65,"column":2},"end":{"line":73,"column":3}},"loc":{"start":{"line":65,"column":2},"end":{"line":73,"column":3}},"line":65},"5":{"name":"updateListUiMode","decl":{"start":{"line":75,"column":2},"end":{"line":87,"column":3}},"loc":{"start":{"line":75,"column":2},"end":{"line":87,"column":3}},"line":75},"6":{"name":"setListUiMode","decl":{"start":{"line":89,"column":2},"end":{"line":92,"column":3}},"loc":{"start":{"line":89,"column":2},"end":{"line":92,"column":3}},"line":89},"7":{"name":"handleFormSubmit","decl":{"start":{"line":94,"column":2},"end":{"line":188,"column":3}},"loc":{"start":{"line":94,"column":2},"end":{"line":188,"column":3}},"line":94}},"f":{"0":8,"1":8,"2":4,"3":8,"4":14,"5":10,"6":2,"7":14}}
,"C:\\Users\\bruno\\Documents\\frontend-engineer-challange\\src\\modules\\documents\\ui\\GridIcon.ts": {"path":"C:\\Users\\bruno\\Documents\\frontend-engineer-challange\\src\\modules\\documents\\ui\\GridIcon.ts","all":false,"statementMap":{"0":{"start":{"line":1,"column":0},"end":{"line":1,"column":34}},"1":{"start":{"line":2,"column":0},"end":{"line":2,"column":25}},"16":{"start":{"line":17,"column":0},"end":{"line":17,"column":1}}},"s":{"0":1,"1":9,"16":9},"branchMap":{"0":{"type":"branch","line":1,"loc":{"start":{"line":1,"column":7},"end":{"line":17,"column":1}},"locations":[{"start":{"line":1,"column":7},"end":{"line":17,"column":1}}]}},"b":{"0":[9]},"fnMap":{"0":{"name":"renderGridIcon","decl":{"start":{"line":1,"column":7},"end":{"line":17,"column":1}},"loc":{"start":{"line":1,"column":7},"end":{"line":17,"column":1}},"line":1}},"f":{"0":9}}
,"C:\\Users\\bruno\\Documents\\frontend-engineer-challange\\src\\modules\\documents\\ui\\ListIcon.ts": {"path":"C:\\Users\\bruno\\Documents\\frontend-engineer-challange\\src\\modules\\documents\\ui\\ListIcon.ts","all":false,"statementMap":{"0":{"start":{"line":1,"column":0},"end":{"line":1,"column":34}},"1":{"start":{"line":2,"column":0},"end":{"line":2,"column":25}},"16":{"start":{"line":17,"column":0},"end":{"line":17,"column":1}}},"s":{"0":1,"1":9,"16":9},"branchMap":{"0":{"type":"branch","line":1,"loc":{"start":{"line":1,"column":7},"end":{"line":17,"column":1}},"locations":[{"start":{"line":1,"column":7},"end":{"line":17,"column":1}}]}},"b":{"0":[9]},"fnMap":{"0":{"name":"renderListIcon","decl":{"start":{"line":1,"column":7},"end":{"line":17,"column":1}},"loc":{"start":{"line":1,"column":7},"end":{"line":17,"column":1}},"line":1}},"f":{"0":9}}
,"C:\\Users\\bruno\\Documents\\frontend-engineer-challange\\src\\modules\\documents\\ui\\SortSelect.ts": {"path":"C:\\Users\\bruno\\Documents\\frontend-engineer-challange\\src\\modules\\documents\\ui\\SortSelect.ts","all":false,"statementMap":{"0":{"start":{"line":1,"column":0},"end":{"line":1,"column":32}},"1":{"start":{"line":2,"column":0},"end":{"line":2,"column":28}},"2":{"start":{"line":3,"column":0},"end":{"line":3,"column":38}},"3":{"start":{"line":4,"column":0},"end":{"line":4,"column":42}},"4":{"start":{"line":5,"column":0},"end":{"line":5,"column":47}},"5":{"start":{"line":6,"column":0},"end":{"line":6,"column":4}},"7":{"start":{"line":8,"column":0},"end":{"line":8,"column":46}},"9":{"start":{"line":10,"column":0},"end":{"line":10,"column":22}},"10":{"start":{"line":11,"column":0},"end":{"line":11,"column":11}},"11":{"start":{"line":12,"column":0},"end":{"line":12,"column":24}},"12":{"start":{"line":13,"column":0},"end":{"line":13,"column":77}},"13":{"start":{"line":14,"column":0},"end":{"line":14,"column":7}},"14":{"start":{"line":15,"column":0},"end":{"line":15,"column":16}},"16":{"start":{"line":17,"column":0},"end":{"line":17,"column":1}}},"s":{"0":1,"1":8,"2":8,"3":8,"4":8,"5":8,"7":8,"9":8,"10":8,"11":8,"12":24,"13":8,"14":8,"16":8},"branchMap":{"0":{"type":"branch","line":1,"loc":{"start":{"line":1,"column":7},"end":{"line":17,"column":1}},"locations":[{"start":{"line":1,"column":7},"end":{"line":17,"column":1}}]},"1":{"type":"branch","line":12,"loc":{"start":{"line":12,"column":8},"end":{"line":13,"column":77}},"locations":[{"start":{"line":12,"column":8},"end":{"line":13,"column":77}}]}},"b":{"0":[8],"1":[24]},"fnMap":{"0":{"name":"renderSelect","decl":{"start":{"line":1,"column":7},"end":{"line":17,"column":1}},"loc":{"start":{"line":1,"column":7},"end":{"line":17,"column":1}},"line":1}},"f":{"0":8}}
,"C:\\Users\\bruno\\Documents\\frontend-engineer-challange\\src\\modules\\notifications\\app.ts": {"path":"C:\\Users\\bruno\\Documents\\frontend-engineer-challange\\src\\modules\\notifications\\app.ts","all":false,"statementMap":{"0":{"start":{"line":1,"column":0},"end":{"line":1,"column":36}},"2":{"start":{"line":3,"column":0},"end":{"line":3,"column":73}},"3":{"start":{"line":4,"column":0},"end":{"line":4,"column":83}},"4":{"start":{"line":5,"column":0},"end":{"line":5,"column":55}},"6":{"start":{"line":7,"column":0},"end":{"line":7,"column":43}},"7":{"start":{"line":8,"column":0},"end":{"line":8,"column":63}},"8":{"start":{"line":9,"column":0},"end":{"line":9,"column":78}},"9":{"start":{"line":10,"column":0},"end":{"line":10,"column":67}},"10":{"start":{"line":11,"column":0},"end":{"line":11,"column":1}}},"s":{"0":1,"2":1,"3":1,"4":1,"6":1,"7":1,"8":1,"9":1,"10":1},"branchMap":{"0":{"type":"branch","line":7,"loc":{"start":{"line":7,"column":7},"end":{"line":11,"column":1}},"locations":[{"start":{"line":7,"column":7},"end":{"line":11,"column":1}}]}},"b":{"0":[1]},"fnMap":{"0":{"name":"initNotificationsModule","decl":{"start":{"line":7,"column":7},"end":{"line":11,"column":1}},"loc":{"start":{"line":7,"column":7},"end":{"line":11,"column":1}},"line":7}},"f":{"0":1}}
,"C:\\Users\\bruno\\Documents\\frontend-engineer-challange\\src\\modules\\notifications\\application\\NotificationsService.ts": {"path":"C:\\Users\\bruno\\Documents\\frontend-engineer-challange\\src\\modules\\notifications\\application\\NotificationsService.ts","all":false,"statementMap":{"2":{"start":{"line":3,"column":0},"end":{"line":3,"column":34}},"3":{"start":{"line":4,"column":0},"end":{"line":4,"column":57}},"5":{"start":{"line":6,"column":0},"end":{"line":6,"column":64}},"6":{"start":{"line":7,"column":0},"end":{"line":7,"column":57}},"7":{"start":{"line":8,"column":0},"end":{"line":8,"column":3}},"9":{"start":{"line":10,"column":0},"end":{"line":10,"column":19}},"10":{"start":{"line":11,"column":0},"end":{"line":11,"column":53}},"11":{"start":{"line":12,"column":0},"end":{"line":12,"column":3}},"12":{"start":{"line":13,"column":0},"end":{"line":13,"column":24}},"13":{"start":{"line":14,"column":0},"end":{"line":14,"column":40}},"14":{"start":{"line":15,"column":0},"end":{"line":15,"column":3}},"15":{"start":{"line":16,"column":0},"end":{"line":16,"column":32}},"16":{"start":{"line":17,"column":0},"end":{"line":17,"column":68}},"17":{"start":{"line":18,"column":0},"end":{"line":18,"column":3}},"18":{"start":{"line":19,"column":0},"end":{"line":19,"column":1}}},"s":{"2":1,"3":3,"5":3,"6":3,"7":3,"9":3,"10":3,"11":3,"12":3,"13":2,"14":2,"15":3,"16":3,"17":3,"18":3},"branchMap":{"0":{"type":"branch","line":3,"loc":{"start":{"line":3,"column":33},"end":{"line":19,"column":1}},"locations":[{"start":{"line":3,"column":33},"end":{"line":19,"column":1}}]},"1":{"type":"branch","line":6,"loc":{"start":{"line":6,"column":2},"end":{"line":8,"column":3}},"locations":[{"start":{"line":6,"column":2},"end":{"line":8,"column":3}}]},"2":{"type":"branch","line":10,"loc":{"start":{"line":10,"column":2},"end":{"line":12,"column":3}},"locations":[{"start":{"line":10,"column":2},"end":{"line":12,"column":3}}]},"3":{"type":"branch","line":13,"loc":{"start":{"line":13,"column":2},"end":{"line":15,"column":3}},"locations":[{"start":{"line":13,"column":2},"end":{"line":15,"column":3}}]},"4":{"type":"branch","line":16,"loc":{"start":{"line":16,"column":2},"end":{"line":18,"column":3}},"locations":[{"start":{"line":16,"column":2},"end":{"line":18,"column":3}}]}},"b":{"0":[3],"1":[3],"2":[3],"3":[2],"4":[3]},"fnMap":{"0":{"name":"<instance_members_initializer>","decl":{"start":{"line":3,"column":33},"end":{"line":19,"column":1}},"loc":{"start":{"line":3,"column":33},"end":{"line":19,"column":1}},"line":3},"1":{"name":"NotificationService","decl":{"start":{"line":6,"column":2},"end":{"line":8,"column":3}},"loc":{"start":{"line":6,"column":2},"end":{"line":8,"column":3}},"line":6},"2":{"name":"notifications","decl":{"start":{"line":10,"column":2},"end":{"line":12,"column":3}},"loc":{"start":{"line":10,"column":2},"end":{"line":12,"column":3}},"line":10},"3":{"name":"totalNotifications","decl":{"start":{"line":13,"column":2},"end":{"line":15,"column":3}},"loc":{"start":{"line":13,"column":2},"end":{"line":15,"column":3}},"line":13},"4":{"name":"openWebSocketNotifications","decl":{"start":{"line":16,"column":2},"end":{"line":18,"column":3}},"loc":{"start":{"line":16,"column":2},"end":{"line":18,"column":3}},"line":16}},"f":{"0":3,"1":3,"2":3,"3":2,"4":3}}
,"C:\\Users\\bruno\\Documents\\frontend-engineer-challange\\src\\modules\\notifications\\domain\\NotificationModel.ts": {"path":"C:\\Users\\bruno\\Documents\\frontend-engineer-challange\\src\\modules\\notifications\\domain\\NotificationModel.ts","all":false,"statementMap":{"0":{"start":{"line":1,"column":0},"end":{"line":1,"column":49}},"1":{"start":{"line":2,"column":0},"end":{"line":2,"column":24}},"3":{"start":{"line":4,"column":0},"end":{"line":4,"column":44}},"4":{"start":{"line":5,"column":0},"end":{"line":5,"column":35}},"5":{"start":{"line":6,"column":0},"end":{"line":6,"column":21}},"6":{"start":{"line":7,"column":0},"end":{"line":7,"column":23}},"7":{"start":{"line":8,"column":0},"end":{"line":8,"column":25}},"8":{"start":{"line":9,"column":0},"end":{"line":9,"column":28}},"9":{"start":{"line":10,"column":0},"end":{"line":10,"column":3}},"13":{"start":{"line":14,"column":0},"end":{"line":14,"column":39}},"14":{"start":{"line":15,"column":0},"end":{"line":15,"column":57}},"15":{"start":{"line":16,"column":0},"end":{"line":16,"column":3}},"16":{"start":{"line":17,"column":0},"end":{"line":17,"column":63}},"17":{"start":{"line":18,"column":0},"end":{"line":18,"column":1}},"19":{"start":{"line":20,"column":0},"end":{"line":20,"column":44}},"20":{"start":{"line":21,"column":0},"end":{"line":21,"column":57}},"21":{"start":{"line":22,"column":0},"end":{"line":22,"column":3}},"22":{"start":{"line":23,"column":0},"end":{"line":23,"column":66}},"23":{"start":{"line":24,"column":0},"end":{"line":24,"column":1}},"25":{"start":{"line":26,"column":0},"end":{"line":26,"column":32}},"26":{"start":{"line":27,"column":0},"end":{"line":27,"column":27}},"27":{"start":{"line":28,"column":0},"end":{"line":28,"column":24}},"28":{"start":{"line":29,"column":0},"end":{"line":29,"column":26}},"29":{"start":{"line":30,"column":0},"end":{"line":30,"column":28}},"30":{"start":{"line":31,"column":0},"end":{"line":31,"column":31}},"32":{"start":{"line":33,"column":0},"end":{"line":33,"column":43}},"33":{"start":{"line":34,"column":0},"end":{"line":34,"column":44}},"34":{"start":{"line":35,"column":0},"end":{"line":35,"column":38}},"35":{"start":{"line":36,"column":0},"end":{"line":36,"column":42}},"36":{"start":{"line":37,"column":0},"end":{"line":37,"column":46}},"37":{"start":{"line":38,"column":0},"end":{"line":38,"column":52}},"38":{"start":{"line":39,"column":0},"end":{"line":39,"column":3}},"39":{"start":{"line":40,"column":0},"end":{"line":40,"column":1}}},"s":{"0":1,"1":1,"3":1,"4":1,"5":1,"6":1,"7":1,"8":1,"9":1,"13":1,"14":5,"15":5,"16":5,"17":5,"19":1,"20":1,"21":1,"22":1,"23":1,"25":1,"26":8,"27":8,"28":8,"29":8,"30":8,"32":8,"33":8,"34":8,"35":8,"36":8,"37":8,"38":8,"39":8},"branchMap":{"0":{"type":"branch","line":14,"loc":{"start":{"line":14,"column":7},"end":{"line":18,"column":1}},"locations":[{"start":{"line":14,"column":7},"end":{"line":18,"column":1}}]},"1":{"type":"branch","line":20,"loc":{"start":{"line":20,"column":7},"end":{"line":24,"column":1}},"locations":[{"start":{"line":20,"column":7},"end":{"line":24,"column":1}}]},"2":{"type":"branch","line":26,"loc":{"start":{"line":26,"column":31},"end":{"line":40,"column":1}},"locations":[{"start":{"line":26,"column":31},"end":{"line":40,"column":1}}]},"3":{"type":"branch","line":33,"loc":{"start":{"line":33,"column":2},"end":{"line":39,"column":3}},"locations":[{"start":{"line":33,"column":2},"end":{"line":39,"column":3}}]}},"b":{"0":[5],"1":[1],"2":[8],"3":[8]},"fnMap":{"0":{"name":"createNotificationMock","decl":{"start":{"line":14,"column":7},"end":{"line":18,"column":1}},"loc":{"start":{"line":14,"column":7},"end":{"line":18,"column":1}},"line":14},"1":{"name":"createNotificationModelMock","decl":{"start":{"line":20,"column":7},"end":{"line":24,"column":1}},"loc":{"start":{"line":20,"column":7},"end":{"line":24,"column":1}},"line":20},"2":{"name":"<instance_members_initializer>","decl":{"start":{"line":26,"column":31},"end":{"line":40,"column":1}},"loc":{"start":{"line":26,"column":31},"end":{"line":40,"column":1}},"line":26},"3":{"name":"NotificationModel","decl":{"start":{"line":33,"column":2},"end":{"line":39,"column":3}},"loc":{"start":{"line":33,"column":2},"end":{"line":39,"column":3}},"line":33}},"f":{"0":5,"1":1,"2":8,"3":8}}
,"C:\\Users\\bruno\\Documents\\frontend-engineer-challange\\src\\modules\\notifications\\infrastructure\\NotificationsRepository.ts": {"path":"C:\\Users\\bruno\\Documents\\frontend-engineer-challange\\src\\modules\\notifications\\infrastructure\\NotificationsRepository.ts","all":false,"statementMap":{"0":{"start":{"line":1,"column":0},"end":{"line":1,"column":78}},"2":{"start":{"line":3,"column":0},"end":{"line":3,"column":38}},"3":{"start":{"line":4,"column":0},"end":{"line":4,"column":49}},"4":{"start":{"line":5,"column":0},"end":{"line":5,"column":30}},"6":{"start":{"line":7,"column":0},"end":{"line":7,"column":17}},"7":{"start":{"line":8,"column":0},"end":{"line":8,"column":35}},"8":{"start":{"line":9,"column":0},"end":{"line":9,"column":53}},"9":{"start":{"line":10,"column":0},"end":{"line":10,"column":6}},"10":{"start":{"line":11,"column":0},"end":{"line":11,"column":3}},"12":{"start":{"line":13,"column":0},"end":{"line":13,"column":32}},"13":{"start":{"line":14,"column":0},"end":{"line":14,"column":57}},"14":{"start":{"line":15,"column":0},"end":{"line":15,"column":64}},"15":{"start":{"line":16,"column":0},"end":{"line":16,"column":67}},"16":{"start":{"line":17,"column":0},"end":{"line":17,"column":6}},"18":{"start":{"line":19,"column":0},"end":{"line":19,"column":26}},"19":{"start":{"line":20,"column":0},"end":{"line":20,"column":3}},"20":{"start":{"line":21,"column":0},"end":{"line":21,"column":1}}},"s":{"0":1,"2":1,"3":4,"4":4,"6":4,"7":4,"8":4,"9":4,"10":4,"12":4,"13":4,"14":4,"15":4,"16":4,"18":4,"19":4,"20":4},"branchMap":{"0":{"type":"branch","line":3,"loc":{"start":{"line":3,"column":37},"end":{"line":21,"column":1}},"locations":[{"start":{"line":3,"column":37},"end":{"line":21,"column":1}}]},"1":{"type":"branch","line":7,"loc":{"start":{"line":7,"column":2},"end":{"line":11,"column":3}},"locations":[{"start":{"line":7,"column":2},"end":{"line":11,"column":3}}]},"2":{"type":"branch","line":13,"loc":{"start":{"line":13,"column":2},"end":{"line":20,"column":3}},"locations":[{"start":{"line":13,"column":2},"end":{"line":20,"column":3}}]},"3":{"type":"branch","line":14,"loc":{"start":{"line":14,"column":31},"end":{"line":17,"column":6}},"locations":[{"start":{"line":14,"column":31},"end":{"line":17,"column":6}}]}},"b":{"0":[4],"1":[4],"2":[4],"3":[4]},"fnMap":{"0":{"name":"<instance_members_initializer>","decl":{"start":{"line":3,"column":37},"end":{"line":21,"column":1}},"loc":{"start":{"line":3,"column":37},"end":{"line":21,"column":1}},"line":3},"1":{"name":"NotificationsRepository","decl":{"start":{"line":7,"column":2},"end":{"line":11,"column":3}},"loc":{"start":{"line":7,"column":2},"end":{"line":11,"column":3}},"line":7},"2":{"name":"openWebSocketNotifications","decl":{"start":{"line":13,"column":2},"end":{"line":20,"column":3}},"loc":{"start":{"line":13,"column":2},"end":{"line":20,"column":3}},"line":13},"3":{"name":"webSocket.onmessage","decl":{"start":{"line":14,"column":31},"end":{"line":17,"column":6}},"loc":{"start":{"line":14,"column":31},"end":{"line":17,"column":6}},"line":14}},"f":{"0":4,"1":4,"2":4,"3":4}}
,"C:\\Users\\bruno\\Documents\\frontend-engineer-challange\\src\\modules\\notifications\\ui\\BellIcon.ts": {"path":"C:\\Users\\bruno\\Documents\\frontend-engineer-challange\\src\\modules\\notifications\\ui\\BellIcon.ts","all":false,"statementMap":{"0":{"start":{"line":1,"column":0},"end":{"line":1,"column":34}},"1":{"start":{"line":2,"column":0},"end":{"line":2,"column":25}},"16":{"start":{"line":17,"column":0},"end":{"line":17,"column":1}}},"s":{"0":1,"1":6,"16":6},"branchMap":{"0":{"type":"branch","line":1,"loc":{"start":{"line":1,"column":7},"end":{"line":17,"column":1}},"locations":[{"start":{"line":1,"column":7},"end":{"line":17,"column":1}}]}},"b":{"0":[6]},"fnMap":{"0":{"name":"renderBellIcon","decl":{"start":{"line":1,"column":7},"end":{"line":17,"column":1}},"loc":{"start":{"line":1,"column":7},"end":{"line":17,"column":1}},"line":1}},"f":{"0":6}}
,"C:\\Users\\bruno\\Documents\\frontend-engineer-challange\\src\\modules\\notifications\\ui\\NotificationsBadge.ts": {"path":"C:\\Users\\bruno\\Documents\\frontend-engineer-challange\\src\\modules\\notifications\\ui\\NotificationsBadge.ts","all":false,"statementMap":{"0":{"start":{"line":1,"column":0},"end":{"line":1,"column":44}},"2":{"start":{"line":3,"column":0},"end":{"line":3,"column":57}},"3":{"start":{"line":4,"column":0},"end":{"line":4,"column":54}},"6":{"start":{"line":7,"column":0},"end":{"line":7,"column":27}},"7":{"start":{"line":8,"column":0},"end":{"line":8,"column":69}},"10":{"start":{"line":11,"column":0},"end":{"line":11,"column":58}},"14":{"start":{"line":15,"column":0},"end":{"line":15,"column":1}}},"s":{"0":1,"2":1,"3":5,"6":5,"7":5,"10":5,"14":5},"branchMap":{"0":{"type":"branch","line":3,"loc":{"start":{"line":3,"column":7},"end":{"line":15,"column":1}},"locations":[{"start":{"line":3,"column":7},"end":{"line":15,"column":1}}]},"1":{"type":"branch","line":11,"loc":{"start":{"line":11,"column":10},"end":{"line":11,"column":42}},"locations":[{"start":{"line":11,"column":10},"end":{"line":11,"column":42}}]},"2":{"type":"branch","line":11,"loc":{"start":{"line":11,"column":18},"end":{"line":11,"column":57}},"locations":[{"start":{"line":11,"column":18},"end":{"line":11,"column":57}}]}},"b":{"0":[5],"1":[3],"2":[2]},"fnMap":{"0":{"name":"renderNotificationsBadge","decl":{"start":{"line":3,"column":7},"end":{"line":15,"column":1}},"loc":{"start":{"line":3,"column":7},"end":{"line":15,"column":1}},"line":3}},"f":{"0":5}}
,"C:\\Users\\bruno\\Documents\\frontend-engineer-challange\\src\\modules\\notifications\\ui\\NotificationsUI.ts": {"path":"C:\\Users\\bruno\\Documents\\frontend-engineer-challange\\src\\modules\\notifications\\ui\\NotificationsUI.ts","all":false,"statementMap":{"1":{"start":{"line":2,"column":0},"end":{"line":2,"column":64}},"3":{"start":{"line":4,"column":0},"end":{"line":4,"column":30}},"4":{"start":{"line":5,"column":0},"end":{"line":5,"column":57}},"6":{"start":{"line":7,"column":0},"end":{"line":7,"column":78}},"8":{"start":{"line":9,"column":0},"end":{"line":9,"column":66}},"9":{"start":{"line":10,"column":0},"end":{"line":10,"column":77}},"11":{"start":{"line":12,"column":0},"end":{"line":12,"column":63}},"12":{"start":{"line":13,"column":0},"end":{"line":13,"column":40}},"13":{"start":{"line":14,"column":0},"end":{"line":14,"column":6}},"15":{"start":{"line":16,"column":0},"end":{"line":16,"column":43}},"16":{"start":{"line":17,"column":0},"end":{"line":17,"column":79}},"17":{"start":{"line":18,"column":0},"end":{"line":18,"column":5}},"19":{"start":{"line":20,"column":0},"end":{"line":20,"column":49}},"20":{"start":{"line":21,"column":0},"end":{"line":21,"column":77}},"21":{"start":{"line":22,"column":0},"end":{"line":22,"column":54}},"22":{"start":{"line":23,"column":0},"end":{"line":23,"column":8}},"23":{"start":{"line":24,"column":0},"end":{"line":24,"column":36}},"24":{"start":{"line":25,"column":0},"end":{"line":25,"column":7}},"25":{"start":{"line":26,"column":0},"end":{"line":26,"column":3}},"26":{"start":{"line":27,"column":0},"end":{"line":27,"column":1}}},"s":{"1":1,"3":1,"4":2,"6":2,"8":2,"9":2,"11":2,"12":2,"13":2,"15":2,"16":1,"17":1,"19":2,"20":2,"21":2,"22":2,"23":2,"24":2,"25":2,"26":2},"branchMap":{"0":{"type":"branch","line":4,"loc":{"start":{"line":4,"column":29},"end":{"line":27,"column":1}},"locations":[{"start":{"line":4,"column":29},"end":{"line":27,"column":1}}]},"1":{"type":"branch","line":9,"loc":{"start":{"line":9,"column":2},"end":{"line":26,"column":3}},"locations":[{"start":{"line":9,"column":2},"end":{"line":26,"column":3}}]},"2":{"type":"branch","line":16,"loc":{"start":{"line":16,"column":42},"end":{"line":18,"column":5}},"locations":[{"start":{"line":16,"column":42},"end":{"line":18,"column":5}}]},"3":{"type":"branch","line":20,"loc":{"start":{"line":20,"column":42},"end":{"line":25,"column":5}},"locations":[{"start":{"line":20,"column":42},"end":{"line":25,"column":5}}]}},"b":{"0":[2],"1":[2],"2":[1],"3":[2]},"fnMap":{"0":{"name":"<instance_members_initializer>","decl":{"start":{"line":4,"column":29},"end":{"line":27,"column":1}},"loc":{"start":{"line":4,"column":29},"end":{"line":27,"column":1}},"line":4},"1":{"name":"NotificationsUI","decl":{"start":{"line":9,"column":2},"end":{"line":26,"column":3}},"loc":{"start":{"line":9,"column":2},"end":{"line":26,"column":3}},"line":9}},"f":{"0":2,"1":2}}
,"C:\\Users\\bruno\\Documents\\frontend-engineer-challange\\src\\utils\\dayjs.ts": {"path":"C:\\Users\\bruno\\Documents\\frontend-engineer-challange\\src\\utils\\dayjs.ts","all":false,"statementMap":{"0":{"start":{"line":1,"column":0},"end":{"line":1,"column":26}},"1":{"start":{"line":2,"column":0},"end":{"line":2,"column":68}},"3":{"start":{"line":4,"column":0},"end":{"line":4,"column":27}},"5":{"start":{"line":6,"column":0},"end":{"line":6,"column":47}},"6":{"start":{"line":7,"column":0},"end":{"line":7,"column":31}},"7":{"start":{"line":8,"column":0},"end":{"line":8,"column":1}}},"s":{"0":1,"1":1,"3":1,"5":1,"6":27,"7":27},"branchMap":{"0":{"type":"branch","line":6,"loc":{"start":{"line":6,"column":7},"end":{"line":8,"column":1}},"locations":[{"start":{"line":6,"column":7},"end":{"line":8,"column":1}}]}},"b":{"0":[27]},"fnMap":{"0":{"name":"getRelativeTime","decl":{"start":{"line":6,"column":7},"end":{"line":8,"column":1}},"loc":{"start":{"line":6,"column":7},"end":{"line":8,"column":1}},"line":6}},"f":{"0":27}}
}
